<?xml version="1.0" encoding="UTF-8"?>
<!-- Generated by org.testng.reporters.JUnitXMLReporter -->
<testsuite ignored="0" hostname="192.168.1.10" failures="0" tests="6" name="FunctionalTest" time="40.089" errors="0" timestamp="2025-04-16T18:17:13 GMT">
  <testcase classname="SylviaAcademy.tests.LoginTest" name="testLoginFailure" time="0.684"/>
  <testcase classname="SylviaAcademy.tests.LoginTest" name="testLoginFailure" time="3.539"/>
  <testcase classname="SylviaAcademy.tests.LoginTest" name="testLoginFailure" time="0.667"/>
  <testcase classname="SylviaAcademy.tests.LoginTest" name="testLoginFailure" time="0.105"/>
  <testcase classname="SylviaAcademy.tests.LoginTest" name="testLoginFailure" time="0.129"/>
  <testcase classname="SylviaAcademy.tests.LoginTest" name="testLoginSuccess" time="2.74"/>
</testsuite> <!-- FunctionalTest -->
