<?xml version="1.0" encoding="UTF-8"?>
<!-- Generated by org.testng.reporters.JUnitXMLReporter -->
<testsuite ignored="1" hostname="192.168.1.10" failures="0" tests="1" name="Default test" time="5.207" errors="0" timestamp="2025-04-16T12:19:56 GMT">
  <testcase classname="SylviaAcademy.tests.LoginTest" name="testLoginSuccess" time="3.213"/>
  <testcase classname="SylviaAcademy.tests.LoginTest" name="testLoginFailure" time="0.0">
    <ignored/>
  </testcase> <!-- testLoginFailure -->
</testsuite> <!-- Default test -->
