<?xml version="1.0" encoding="UTF-8"?>
<!-- Generated by org.testng.reporters.JUnitXMLReporter -->
<testsuite ignored="1" hostname="192.168.1.10" failures="0" tests="5" name="Default test" time="32.124" errors="0" timestamp="2025-04-16T18:14:01 GMT">
  <testcase classname="SylviaAcademy.tests.LoginTest" name="testLoginFailure" time="0.683"/>
  <testcase classname="SylviaAcademy.tests.LoginTest" name="testLoginFailure" time="3.551"/>
  <testcase classname="SylviaAcademy.tests.LoginTest" name="testLoginFailure" time="4.445"/>
  <testcase classname="SylviaAcademy.tests.LoginTest" name="testLoginFailure" time="0.116"/>
  <testcase classname="SylviaAcademy.tests.LoginTest" name="testLoginFailure" time="4.775"/>
  <testcase classname="SylviaAcademy.tests.LoginTest" name="testLoginSuccess" time="0.0">
    <ignored/>
  </testcase> <!-- testLoginSuccess -->
</testsuite> <!-- Default test -->
