<?xml version="1.0" encoding="UTF-8"?>
<testng-results ignored="0" total="5" passed="5" failed="0" skipped="0">
  <reporter-output>
  </reporter-output>
  <suite started-at="2025-04-13T21:49:14 GMT" name="EcommerceSuite" finished-at="2025-04-13T21:50:03 GMT" duration-ms="48911">
    <groups>
      <group name="smoke">
        <method signature="LoginTest.testLogin(java.lang.String,java.lang.String,boolean)[pri:0, instance:SylviaAcademy.tests.LoginTest@55141def]" name="testLogin" class="SylviaAcademy.tests.LoginTest"/>
      </group> <!-- smoke -->
    </groups>
    <test started-at="2025-04-13T21:49:14 GMT" name="FunctionalTest" finished-at="2025-04-13T21:50:03 GMT" duration-ms="48911">
      <class name="SylviaAcademy.tests.LoginTest">
        <test-method is-config="true" signature="setUp(java.lang.String)[pri:0, instance:SylviaAcademy.tests.LoginTest@55141def]" started-at="2025-04-13T21:49:14 GMT" name="setUp" finished-at="2025-04-13T21:49:16 GMT" duration-ms="1172" status="PASS">
          <params>
            <param index="0">
              <value>
                <![CDATA[chrome]]>
              </value>
            </param>
          </params>
          <reporter-output>
          </reporter-output>
        </test-method> <!-- setUp -->
        <test-method signature="testLogin(java.lang.String,java.lang.String,boolean)[pri:0, instance:SylviaAcademy.tests.LoginTest@55141def]" started-at="2025-04-13T21:49:16 GMT" name="testLogin" data-provider="loginCredentials" finished-at="2025-04-13T21:49:21 GMT" duration-ms="4898" status="PASS">
          <params>
            <param index="0">
              <value>
                <![CDATA[queentester@gmail.com]]>
              </value>
            </param>
            <param index="1">
              <value>
                <![CDATA[Test@@1234]]>
              </value>
            </param>
            <param index="2">
              <value>
                <![CDATA[true]]>
              </value>
            </param>
          </params>
          <reporter-output>
          </reporter-output>
        </test-method> <!-- testLogin -->
        <test-method is-config="true" signature="tearDown()[pri:0, instance:SylviaAcademy.tests.LoginTest@55141def]" started-at="2025-04-13T21:49:21 GMT" name="tearDown" finished-at="2025-04-13T21:49:21 GMT" duration-ms="88" status="PASS">
          <reporter-output>
          </reporter-output>
        </test-method> <!-- tearDown -->
        <test-method is-config="true" signature="setUp(java.lang.String)[pri:0, instance:SylviaAcademy.tests.LoginTest@55141def]" started-at="2025-04-13T21:49:21 GMT" name="setUp" finished-at="2025-04-13T21:49:21 GMT" duration-ms="745" status="PASS">
          <params>
            <param index="0">
              <value>
                <![CDATA[chrome]]>
              </value>
            </param>
          </params>
          <reporter-output>
          </reporter-output>
        </test-method> <!-- setUp -->
        <test-method signature="testLogin(java.lang.String,java.lang.String,boolean)[pri:0, instance:SylviaAcademy.tests.LoginTest@55141def]" started-at="2025-04-13T21:49:21 GMT" name="testLogin" data-provider="loginCredentials" finished-at="2025-04-13T21:49:31 GMT" duration-ms="10030" status="PASS">
          <params>
            <param index="0">
              <value>
                <![CDATA[invalidUser]]>
              </value>
            </param>
            <param index="1">
              <value>
                <![CDATA[invalidPass]]>
              </value>
            </param>
            <param index="2">
              <value>
                <![CDATA[false]]>
              </value>
            </param>
          </params>
          <reporter-output>
          </reporter-output>
        </test-method> <!-- testLogin -->
        <test-method is-config="true" signature="tearDown()[pri:0, instance:SylviaAcademy.tests.LoginTest@55141def]" started-at="2025-04-13T21:49:31 GMT" name="tearDown" finished-at="2025-04-13T21:49:31 GMT" duration-ms="89" status="PASS">
          <reporter-output>
          </reporter-output>
        </test-method> <!-- tearDown -->
        <test-method is-config="true" signature="setUp(java.lang.String)[pri:0, instance:SylviaAcademy.tests.LoginTest@55141def]" started-at="2025-04-13T21:49:31 GMT" name="setUp" finished-at="2025-04-13T21:49:32 GMT" duration-ms="680" status="PASS">
          <params>
            <param index="0">
              <value>
                <![CDATA[chrome]]>
              </value>
            </param>
          </params>
          <reporter-output>
          </reporter-output>
        </test-method> <!-- setUp -->
        <test-method signature="testLogin(java.lang.String,java.lang.String,boolean)[pri:0, instance:SylviaAcademy.tests.LoginTest@55141def]" started-at="2025-04-13T21:49:32 GMT" name="testLogin" data-provider="loginCredentials" finished-at="2025-04-13T21:49:42 GMT" duration-ms="9878" status="PASS">
          <params>
            <param index="0">
              <value>
                <![CDATA[]]>
              </value>
            </param>
            <param index="1">
              <value>
                <![CDATA[]]>
              </value>
            </param>
            <param index="2">
              <value>
                <![CDATA[false]]>
              </value>
            </param>
          </params>
          <reporter-output>
          </reporter-output>
        </test-method> <!-- testLogin -->
        <test-method is-config="true" signature="tearDown()[pri:0, instance:SylviaAcademy.tests.LoginTest@55141def]" started-at="2025-04-13T21:49:42 GMT" name="tearDown" finished-at="2025-04-13T21:49:42 GMT" duration-ms="90" status="PASS">
          <reporter-output>
          </reporter-output>
        </test-method> <!-- tearDown -->
        <test-method is-config="true" signature="setUp(java.lang.String)[pri:0, instance:SylviaAcademy.tests.LoginTest@55141def]" started-at="2025-04-13T21:49:42 GMT" name="setUp" finished-at="2025-04-13T21:49:43 GMT" duration-ms="759" status="PASS">
          <params>
            <param index="0">
              <value>
                <![CDATA[chrome]]>
              </value>
            </param>
          </params>
          <reporter-output>
          </reporter-output>
        </test-method> <!-- setUp -->
        <test-method signature="testLogin(java.lang.String,java.lang.String,boolean)[pri:0, instance:SylviaAcademy.tests.LoginTest@55141def]" started-at="2025-04-13T21:49:43 GMT" name="testLogin" data-provider="loginCredentials" finished-at="2025-04-13T21:49:52 GMT" duration-ms="9501" status="PASS">
          <params>
            <param index="0">
              <value>
                <![CDATA[queentester@gmail.com]]>
              </value>
            </param>
            <param index="1">
              <value>
                <![CDATA[]]>
              </value>
            </param>
            <param index="2">
              <value>
                <![CDATA[false]]>
              </value>
            </param>
          </params>
          <reporter-output>
          </reporter-output>
        </test-method> <!-- testLogin -->
        <test-method is-config="true" signature="tearDown()[pri:0, instance:SylviaAcademy.tests.LoginTest@55141def]" started-at="2025-04-13T21:49:52 GMT" name="tearDown" finished-at="2025-04-13T21:49:52 GMT" duration-ms="92" status="PASS">
          <reporter-output>
          </reporter-output>
        </test-method> <!-- tearDown -->
        <test-method is-config="true" signature="setUp(java.lang.String)[pri:0, instance:SylviaAcademy.tests.LoginTest@55141def]" started-at="2025-04-13T21:49:52 GMT" name="setUp" finished-at="2025-04-13T21:49:53 GMT" duration-ms="759" status="PASS">
          <params>
            <param index="0">
              <value>
                <![CDATA[chrome]]>
              </value>
            </param>
          </params>
          <reporter-output>
          </reporter-output>
        </test-method> <!-- setUp -->
        <test-method signature="testLogin(java.lang.String,java.lang.String,boolean)[pri:0, instance:SylviaAcademy.tests.LoginTest@55141def]" started-at="2025-04-13T21:49:53 GMT" name="testLogin" data-provider="loginCredentials" finished-at="2025-04-13T21:50:03 GMT" duration-ms="10017" status="PASS">
          <params>
            <param index="0">
              <value>
                <![CDATA[]]>
              </value>
            </param>
            <param index="1">
              <value>
                <![CDATA[Test1234]]>
              </value>
            </param>
            <param index="2">
              <value>
                <![CDATA[false]]>
              </value>
            </param>
          </params>
          <reporter-output>
          </reporter-output>
        </test-method> <!-- testLogin -->
        <test-method is-config="true" signature="tearDown()[pri:0, instance:SylviaAcademy.tests.LoginTest@55141def]" started-at="2025-04-13T21:50:03 GMT" name="tearDown" finished-at="2025-04-13T21:50:03 GMT" duration-ms="88" status="PASS">
          <reporter-output>
          </reporter-output>
        </test-method> <!-- tearDown -->
      </class> <!-- SylviaAcademy.tests.LoginTest -->
    </test> <!-- FunctionalTest -->
  </suite> <!-- EcommerceSuite -->
</testng-results>
