<?xml version="1.0" encoding="UTF-8"?>
<testng-results ignored="0" total="6" passed="5" failed="1" skipped="0">
  <reporter-output>
  </reporter-output>
  <suite started-at="2025-04-17T17:19:57 GMT" name="EcommerceSuite" finished-at="2025-04-17T17:20:30 GMT" duration-ms="32949">
    <groups>
      <group name="smoke">
        <method signature="LoginTest.testLoginSuccess(java.lang.String,java.lang.String)[pri:0, instance:SylviaAcademy.tests.LoginTest@13d73f29]" name="testLoginSuccess" class="SylviaAcademy.tests.LoginTest"/>
      </group> <!-- smoke -->
    </groups>
    <test started-at="2025-04-17T17:19:57 GMT" name="FunctionalTest" finished-at="2025-04-17T17:20:30 GMT" duration-ms="32949">
      <class name="SylviaAcademy.tests.LoginTest">
        <test-method is-config="true" signature="setUp(java.lang.String)[pri:0, instance:SylviaAcademy.tests.LoginTest@13d73f29]" started-at="2025-04-17T17:19:57 GMT" name="setUp" finished-at="2025-04-17T17:19:59 GMT" duration-ms="2094" status="PASS">
          <params>
            <param index="0">
              <value>
                <![CDATA[chrome]]>
              </value>
            </param>
          </params>
          <reporter-output>
          </reporter-output>
        </test-method> <!-- setUp -->
        <test-method signature="testLoginFailure(java.lang.String,java.lang.String,java.lang.String,java.lang.String)[pri:0, instance:SylviaAcademy.tests.LoginTest@13d73f29]" started-at="2025-04-17T17:19:59 GMT" name="testLoginFailure" data-provider="invalidCredentials" finished-at="2025-04-17T17:20:02 GMT" duration-ms="3211" status="PASS">
          <params>
            <param index="0">
              <value>
                <![CDATA[queentester@gmail.com]]>
              </value>
            </param>
            <param index="1">
              <value>
                <![CDATA[invalidPass]]>
              </value>
            </param>
            <param index="2">
              <value is-null="true"/>
            </param>
            <param index="3">
              <value is-null="true"/>
            </param>
          </params>
          <reporter-output>
          </reporter-output>
        </test-method> <!-- testLoginFailure -->
        <test-method is-config="true" signature="tearDown()[pri:0, instance:SylviaAcademy.tests.LoginTest@13d73f29]" started-at="2025-04-17T17:20:02 GMT" name="tearDown" finished-at="2025-04-17T17:20:02 GMT" duration-ms="87" status="PASS">
          <reporter-output>
          </reporter-output>
        </test-method> <!-- tearDown -->
        <test-method is-config="true" signature="setUp(java.lang.String)[pri:0, instance:SylviaAcademy.tests.LoginTest@13d73f29]" started-at="2025-04-17T17:20:02 GMT" name="setUp" finished-at="2025-04-17T17:20:04 GMT" duration-ms="1609" status="PASS">
          <params>
            <param index="0">
              <value>
                <![CDATA[chrome]]>
              </value>
            </param>
          </params>
          <reporter-output>
          </reporter-output>
        </test-method> <!-- setUp -->
        <test-method signature="testLoginFailure(java.lang.String,java.lang.String,java.lang.String,java.lang.String)[pri:0, instance:SylviaAcademy.tests.LoginTest@13d73f29]" started-at="2025-04-17T17:20:04 GMT" name="testLoginFailure" data-provider="invalidCredentials" finished-at="2025-04-17T17:20:07 GMT" duration-ms="2819" status="FAIL">
          <params>
            <param index="0">
              <value>
                <![CDATA[]]>
              </value>
            </param>
            <param index="1">
              <value>
                <![CDATA[Test@@1234]]>
              </value>
            </param>
            <param index="2">
              <value>
                <![CDATA[*testscreen is required]]>
              </value>
            </param>
            <param index="3">
              <value is-null="true"/>
            </param>
          </params>
          <exception class="java.lang.AssertionError">
            <message>
              <![CDATA[Message d'erreur email incorrect expected [*testscreen is required] but found [*Email is required]]]>
            </message>
            <full-stacktrace>
              <![CDATA[java.lang.AssertionError: Message d'erreur email incorrect expected [*testscreen is required] but found [*Email is required]
at org.testng.Assert.fail(Assert.java:111)
at org.testng.Assert.failNotEquals(Assert.java:1590)
at org.testng.Assert.assertEqualsImpl(Assert.java:150)
at org.testng.Assert.assertEquals(Assert.java:132)
at org.testng.Assert.assertEquals(Assert.java:656)
at SylviaAcademy.tests.LoginTest.testLoginFailure(LoginTest.java:55)
at java.base/jdk.internal.reflect.DirectMethodHandleAccessor.invoke(DirectMethodHandleAccessor.java:103)
at java.base/java.lang.reflect.Method.invoke(Method.java:580)
at org.testng.internal.invokers.MethodInvocationHelper.invokeMethod(MethodInvocationHelper.java:141)
at org.testng.internal.invokers.TestInvoker.invokeMethod(TestInvoker.java:687)
at org.testng.internal.invokers.TestInvoker.invokeTestMethod(TestInvoker.java:230)
at org.testng.internal.invokers.MethodRunner.runInSequence(MethodRunner.java:63)
at org.testng.internal.invokers.TestInvoker$MethodInvocationAgent.invoke(TestInvoker.java:995)
at org.testng.internal.invokers.TestInvoker.invokeTestMethods(TestInvoker.java:203)
at org.testng.internal.invokers.TestMethodWorker.invokeTestMethods(TestMethodWorker.java:154)
at org.testng.internal.invokers.TestMethodWorker.run(TestMethodWorker.java:134)
at java.base/java.util.ArrayList.forEach(ArrayList.java:1596)
at org.testng.TestRunner.privateRun(TestRunner.java:741)
at org.testng.TestRunner.run(TestRunner.java:616)
at org.testng.SuiteRunner.runTest(SuiteRunner.java:421)
at org.testng.SuiteRunner.runSequentially(SuiteRunner.java:413)
at org.testng.SuiteRunner.privateRun(SuiteRunner.java:373)
at org.testng.SuiteRunner.run(SuiteRunner.java:312)
at org.testng.SuiteRunnerWorker.runSuite(SuiteRunnerWorker.java:52)
at org.testng.SuiteRunnerWorker.run(SuiteRunnerWorker.java:95)
at org.testng.TestNG.runSuitesSequentially(TestNG.java:1274)
at org.testng.TestNG.runSuitesLocally(TestNG.java:1208)
at org.testng.TestNG.runSuites(TestNG.java:1112)
at org.testng.TestNG.run(TestNG.java:1079)
at org.testng.remote.AbstractRemoteTestNG.run(AbstractRemoteTestNG.java:115)
at org.testng.remote.RemoteTestNG.initAndRun(RemoteTestNG.java:293)
at org.testng.remote.RemoteTestNG.main(RemoteTestNG.java:91)
]]>
            </full-stacktrace>
          </exception> <!-- java.lang.AssertionError -->
          <reporter-output>
          </reporter-output>
        </test-method> <!-- testLoginFailure -->
        <test-method is-config="true" signature="tearDown()[pri:0, instance:SylviaAcademy.tests.LoginTest@13d73f29]" started-at="2025-04-17T17:20:07 GMT" name="tearDown" finished-at="2025-04-17T17:20:07 GMT" duration-ms="83" status="PASS">
          <reporter-output>
          </reporter-output>
        </test-method> <!-- tearDown -->
        <test-method is-config="true" signature="setUp(java.lang.String)[pri:0, instance:SylviaAcademy.tests.LoginTest@13d73f29]" started-at="2025-04-17T17:20:07 GMT" name="setUp" finished-at="2025-04-17T17:20:12 GMT" duration-ms="4769" status="PASS">
          <params>
            <param index="0">
              <value>
                <![CDATA[chrome]]>
              </value>
            </param>
          </params>
          <reporter-output>
          </reporter-output>
        </test-method> <!-- setUp -->
        <test-method signature="testLoginFailure(java.lang.String,java.lang.String,java.lang.String,java.lang.String)[pri:0, instance:SylviaAcademy.tests.LoginTest@13d73f29]" started-at="2025-04-17T17:20:12 GMT" name="testLoginFailure" data-provider="invalidCredentials" finished-at="2025-04-17T17:20:13 GMT" duration-ms="657" status="PASS">
          <params>
            <param index="0">
              <value>
                <![CDATA[invalidUser@gmail.com]]>
              </value>
            </param>
            <param index="1">
              <value>
                <![CDATA[invalidPass]]>
              </value>
            </param>
            <param index="2">
              <value is-null="true"/>
            </param>
            <param index="3">
              <value is-null="true"/>
            </param>
          </params>
          <reporter-output>
          </reporter-output>
        </test-method> <!-- testLoginFailure -->
        <test-method is-config="true" signature="tearDown()[pri:0, instance:SylviaAcademy.tests.LoginTest@13d73f29]" started-at="2025-04-17T17:20:13 GMT" name="tearDown" finished-at="2025-04-17T17:20:13 GMT" duration-ms="85" status="PASS">
          <reporter-output>
          </reporter-output>
        </test-method> <!-- tearDown -->
        <test-method is-config="true" signature="setUp(java.lang.String)[pri:0, instance:SylviaAcademy.tests.LoginTest@13d73f29]" started-at="2025-04-17T17:20:13 GMT" name="setUp" finished-at="2025-04-17T17:20:17 GMT" duration-ms="4676" status="PASS">
          <params>
            <param index="0">
              <value>
                <![CDATA[chrome]]>
              </value>
            </param>
          </params>
          <reporter-output>
          </reporter-output>
        </test-method> <!-- setUp -->
        <test-method signature="testLoginFailure(java.lang.String,java.lang.String,java.lang.String,java.lang.String)[pri:0, instance:SylviaAcademy.tests.LoginTest@13d73f29]" started-at="2025-04-17T17:20:17 GMT" name="testLoginFailure" data-provider="invalidCredentials" finished-at="2025-04-17T17:20:17 GMT" duration-ms="116" status="PASS">
          <params>
            <param index="0">
              <value>
                <![CDATA[]]>
              </value>
            </param>
            <param index="1">
              <value>
                <![CDATA[]]>
              </value>
            </param>
            <param index="2">
              <value>
                <![CDATA[*Email is required]]>
              </value>
            </param>
            <param index="3">
              <value>
                <![CDATA[*Password is required]]>
              </value>
            </param>
          </params>
          <reporter-output>
          </reporter-output>
        </test-method> <!-- testLoginFailure -->
        <test-method is-config="true" signature="tearDown()[pri:0, instance:SylviaAcademy.tests.LoginTest@13d73f29]" started-at="2025-04-17T17:20:17 GMT" name="tearDown" finished-at="2025-04-17T17:20:18 GMT" duration-ms="80" status="PASS">
          <reporter-output>
          </reporter-output>
        </test-method> <!-- tearDown -->
        <test-method is-config="true" signature="setUp(java.lang.String)[pri:0, instance:SylviaAcademy.tests.LoginTest@13d73f29]" started-at="2025-04-17T17:20:18 GMT" name="setUp" finished-at="2025-04-17T17:20:19 GMT" duration-ms="1563" status="PASS">
          <params>
            <param index="0">
              <value>
                <![CDATA[chrome]]>
              </value>
            </param>
          </params>
          <reporter-output>
          </reporter-output>
        </test-method> <!-- setUp -->
        <test-method signature="testLoginFailure(java.lang.String,java.lang.String,java.lang.String,java.lang.String)[pri:0, instance:SylviaAcademy.tests.LoginTest@13d73f29]" started-at="2025-04-17T17:20:19 GMT" name="testLoginFailure" data-provider="invalidCredentials" finished-at="2025-04-17T17:20:22 GMT" duration-ms="2956" status="PASS">
          <params>
            <param index="0">
              <value>
                <![CDATA[queentester@gmail.com]]>
              </value>
            </param>
            <param index="1">
              <value>
                <![CDATA[]]>
              </value>
            </param>
            <param index="2">
              <value is-null="true"/>
            </param>
            <param index="3">
              <value>
                <![CDATA[*Password is required]]>
              </value>
            </param>
          </params>
          <reporter-output>
          </reporter-output>
        </test-method> <!-- testLoginFailure -->
        <test-method is-config="true" signature="tearDown()[pri:0, instance:SylviaAcademy.tests.LoginTest@13d73f29]" started-at="2025-04-17T17:20:22 GMT" name="tearDown" finished-at="2025-04-17T17:20:22 GMT" duration-ms="79" status="PASS">
          <reporter-output>
          </reporter-output>
        </test-method> <!-- tearDown -->
        <test-method is-config="true" signature="setUp(java.lang.String)[pri:0, instance:SylviaAcademy.tests.LoginTest@13d73f29]" started-at="2025-04-17T17:20:22 GMT" name="setUp" finished-at="2025-04-17T17:20:24 GMT" duration-ms="1738" status="PASS">
          <params>
            <param index="0">
              <value>
                <![CDATA[chrome]]>
              </value>
            </param>
          </params>
          <reporter-output>
          </reporter-output>
        </test-method> <!-- setUp -->
        <test-method signature="testLoginSuccess(java.lang.String,java.lang.String)[pri:0, instance:SylviaAcademy.tests.LoginTest@13d73f29]" started-at="2025-04-17T17:20:24 GMT" name="testLoginSuccess" data-provider="validCredentials" finished-at="2025-04-17T17:20:30 GMT" duration-ms="5681" status="PASS">
          <params>
            <param index="0">
              <value>
                <![CDATA[queentester@gmail.com]]>
              </value>
            </param>
            <param index="1">
              <value>
                <![CDATA[Test@@1234]]>
              </value>
            </param>
          </params>
          <reporter-output>
          </reporter-output>
        </test-method> <!-- testLoginSuccess -->
        <test-method is-config="true" signature="tearDown()[pri:0, instance:SylviaAcademy.tests.LoginTest@13d73f29]" started-at="2025-04-17T17:20:30 GMT" name="tearDown" finished-at="2025-04-17T17:20:30 GMT" duration-ms="86" status="PASS">
          <reporter-output>
          </reporter-output>
        </test-method> <!-- tearDown -->
      </class> <!-- SylviaAcademy.tests.LoginTest -->
    </test> <!-- FunctionalTest -->
  </suite> <!-- EcommerceSuite -->
</testng-results>
