<?xml version="1.0" encoding="UTF-8"?>
<!-- Generated by org.testng.reporters.JUnitReportReporter -->
<testsuite hostname="192.168.1.10" failures="1" tests="7" name="SylviaAcademy.tests.LoginTest" time="36.893" errors="0" timestamp="2025-04-18T14:28:17 GMT" skipped="1">
  <testcase classname="SylviaAcademy.tests.LoginTest" name="testLoginFailure" time="1.893"/>
  <testcase classname="SylviaAcademy.tests.LoginTest" name="testLoginFailure" time="3.580"/>
  <testcase classname="SylviaAcademy.tests.LoginTest" name="testLoginFailure" time="4.509">
    <failure message="Message d&#039;erreur email incorrect expected [*Test fails] but found [*Email is required]" type="java.lang.AssertionError">
      <![CDATA[java.lang.AssertionError: Message d'erreur email incorrect expected [*Test fails] but found [*Email is required]
at org.testng.Assert.fail(Assert.java:111)
at org.testng.Assert.failNotEquals(Assert.java:1590)
at org.testng.Assert.assertEqualsImpl(Assert.java:150)
at org.testng.Assert.assertEquals(Assert.java:132)
at org.testng.Assert.assertEquals(Assert.java:656)
at SylviaAcademy.tests.LoginTest.testLoginFailure(LoginTest.java:61)
at java.base/jdk.internal.reflect.DirectMethodHandleAccessor.invoke(DirectMethodHandleAccessor.java:103)
at java.base/java.lang.reflect.Method.invoke(Method.java:580)
at org.testng.internal.invokers.MethodInvocationHelper.invokeMethod(MethodInvocationHelper.java:141)
at org.testng.internal.invokers.TestInvoker.invokeMethod(TestInvoker.java:687)
at org.testng.internal.invokers.TestInvoker.retryFailed(TestInvoker.java:269)
at org.testng.internal.invokers.MethodRunner.runInSequence(MethodRunner.java:76)
at org.testng.internal.invokers.TestInvoker$MethodInvocationAgent.invoke(TestInvoker.java:995)
at org.testng.internal.invokers.TestInvoker.invokeTestMethods(TestInvoker.java:203)
at org.testng.internal.invokers.TestMethodWorker.invokeTestMethods(TestMethodWorker.java:154)
at org.testng.internal.invokers.TestMethodWorker.run(TestMethodWorker.java:134)
at java.base/java.util.concurrent.Executors$RunnableAdapter.call(Executors.java:572)
at java.base/java.util.concurrent.FutureTask.run(FutureTask.java:317)
at org.testng.internal.thread.graph.TestNGFutureTask.run(TestNGFutureTask.java:22)
at java.base/java.util.concurrent.ThreadPoolExecutor.runWorker(ThreadPoolExecutor.java:1144)
at java.base/java.util.concurrent.ThreadPoolExecutor$Worker.run(ThreadPoolExecutor.java:642)
at java.base/java.lang.Thread.run(Thread.java:1583)
]]>
    </failure>
  </testcase> <!-- testLoginFailure -->
  <testcase classname="SylviaAcademy.tests.LoginTest" name="testLoginFailure" time="7.544"/>
  <testcase classname="SylviaAcademy.tests.LoginTest" name="testLoginFailure" time="7.339">
    <skipped/>
  </testcase> <!-- testLoginFailure -->
  <testcase classname="SylviaAcademy.tests.LoginTest" name="testLoginSuccess" time="9.679"/>
  <testcase classname="SylviaAcademy.tests.LoginTest" name="testLoginFailure" time="2.349"/>
</testsuite> <!-- SylviaAcademy.tests.LoginTest -->
